TN:
SF:qmeans\__init__.py
DA:1,1,1B2M2Y8AsgTpgAmY7PhCfg
LF:0
LH:1
end_of_record
TN:
SF:qmeans\qkmeans.py
DA:1,1,Dyim3Xnr//MHzG3PE6nvLg
DA:19,1,IWWjrCeOtk8NNtrE95++2g
DA:20,1,wbex0Ytf94b7jE0u9OATig
DA:21,1,A/j8B5bcZ8MNTcZCSL35Og
DA:22,1,AakricByIphQdgCVsMMljw
DA:23,1,e8m25z8vi7rXIZk8hXfu6Q
DA:24,1,GHG8zIEojokBDEs/JR3z2w
DA:25,1,P5p28f/y5XM3DvF+ryOlcA
DA:27,1,Mxx62gOF5rqWRV9WYEkDfw
DA:46,1,0/GjvnhCrGnGae4f6kUMJw
DA:56,1,Se4dOmpZMqBC91XE3Siztg
DA:61,1,Dj16yV/7ljxfBoe4GDD1FA
DA:62,1,LVOpk6bJL0jzkcyOEwUhCA
DA:63,1,BUTFuIiNGzRlBdV14Ks1hQ
DA:64,1,PasoVdhvtJF7CQz0V9f4AQ
DA:65,1,qjoeKLdU/Wb64rr5vfc57Q
DA:66,1,h0cCqA2glarXIwmtZRxeMg
DA:68,1,6/NN9MOQPIUjXTIuYG5JiA
DA:91,1,0/GjvnhCrGnGae4f6kUMJw
DA:151,1,Se4dOmpZMqBC91XE3Siztg
DA:152,1,3adhtmd5UGgGjML32BGg8w
DA:153,1,zGDNDuaiCk6juz5W0HxJyQ
DA:155,1,FSBO53zUk83ks7JQlho/1Q
DA:157,1,X/AgH6H6mF7KOBOFhkJC6A
DA:158,1,2FWzz3b8jcxu7okx7Emd5A
DA:159,1,0R3+krOT+e4gPK0VCWdCdw
DA:160,1,VI5+/25POPTqqKRVB4T3AQ
DA:161,1,A9Vdn/z4DlaBBrB+Z8Sp9Q
DA:162,1,EtMTKUP+D9yDQfILbiyllg
DA:164,1,g7KmfwDkQvPlc3w4ypQ92A
DA:165,1,YkD7zETpOMsNrIuCPIuJcw
DA:166,1,HqPsXNwQ7y3PA/oZCZkKow
DA:168,1,B/LYMDmviV7/NH/vevFRfA
DA:169,1,Ic9vNl86iKeop0ed+zl0Xw
DA:170,1,1CcXPBgQpU6WsMeNDHZ7NQ
DA:171,1,B/LYMDmviV7/NH/vevFRfA
DA:173,1,YrvCQoZGHrq76BeWbeR92A
DA:174,1,NR7niwYONAaXEGWoP2WKPQ
DA:175,1,AwDzADViHBCU7dL36apPeA
DA:176,1,qJrOekPyOt0xXTrr2LCWXg
DA:177,1,Q8scqnPBnwXhPAA2R9zLYA
DA:178,1,ebDur4g57Cqda5eag3lbbQ
DA:179,1,lzSodkKuIpdzxQNyXyZJUg
DA:181,1,zMuvOEiU+8nP6Q6dfmcvEQ
DA:182,1,stksXDyTYPK7ZjfuVrpgoA
DA:184,1,wxR3Kf0OrLuJFeg6KD/z9Q
DA:230,1,nIcriVhWNcuPBgUhqhDXHw
DA:463,1,0j45vBvua4mYJqyTiKopzw
DA:491,1,S0IHemRsfffKkvHCBW8ysQ
DA:529,1,NgADvOEXU4+zlVG7rMjWsQ
DA:645,1,rc9iVR6LPcdTD0XvG5iIaw
DA:646,1,sNvfR4vq1jkynELsrq4czg
DA:684,1,8UMQwWYROLxiA3lKeyAaZg
DA:686,1,mIfPrUoxQpbIZyobyVMcug
DA:687,1,r2JdPCSXdWZElFPdpU1fLQ
DA:688,1,ojKoEy9hH+9iHC4a1Tp53A
DA:689,1,q3TNPkPzxWy9mhoMKO/M4A
DA:690,1,rnN0szMeyRKVvDvr+tRQUQ
DA:691,1,2vCPxWUEOpCpyEtiszzIvw
DA:692,1,6Lv/gPGkf/c+fqGbOP4rIg
DA:693,1,Y795cJKi7OUA2pA893LufQ
DA:694,1,8BGyXQAuHhTTx4j0w/OXFQ
DA:695,1,D5KvmXpm0xJqEjQ4jO7bFg
DA:696,1,XxH4YzsGQOJ6WtctxJbABQ
DA:697,1,Uaa+UECp/d07XiZFzgkQsg
DA:698,1,IX6dolaU6Z8qMqmUw15Lyw
DA:700,1,YbXkJXNupE4gqs/KZ9ThyA
DA:710,1,gjqZNTZOHlEIAeMrFTJghg
DA:712,1,JbjRML6oQpbjabBkRYwfmw
DA:713,1,/CC6uUTTx3kRehX+meznJw
DA:714,1,PcTWFbnKfFnkasNcZYFXrw
DA:715,1,W/Kgy8cp7GtPg9Si3Z19TQ
DA:716,1,FHv1n9/Wba2yb4FaC4kgcw
DA:719,1,Xwpf0mIQz9sz/4ITN4utBA
DA:722,1,41n0+Vmbl/41hqdZ2J3jlA
DA:723,1,dd5B7sOqnK4tjcbIptqq4w
DA:725,1,ChDAA581eqstA+ucsXMAwA
DA:726,1,XJcQcSEd9QBN26ozwhW/Mw
DA:727,1,/yWa9M/jP6RM/Exv1FnCIA
DA:729,1,JVyWVSkziMOPcvg9ozHO6Q
DA:730,1,O6HyoVvIT62iU4QkMxid+w
DA:734,1,uWHNuP+di08d8imWWQWrXQ
DA:736,1,INA4Elw+RjTtPdmDY5cgfw
DA:737,1,8qJ8WNeOEtxwFW9g/VPRpg
DA:738,1,Ipjyozrim4RK/bLFlt7gtA
DA:739,1,NTgYxcEX+v46KMN6bsNR6A
DA:740,1,oHZNu4j9TckXGjM6LTr2Sg
DA:741,1,/yWa9M/jP6RM/Exv1FnCIA
DA:743,1,/yWa9M/jP6RM/Exv1FnCIA
DA:745,1,lteWpTKZjGrubk5euOX6Lg
DA:746,1,ebrtEZvRrUAmd6d//rrXcg
DA:747,1,9FJAOee+JCUJEnUv6e7IAA
DA:748,1,/yWa9M/jP6RM/Exv1FnCIA
DA:750,1,bs7lPWCsua/ezE/zQAFybQ
DA:751,1,wjMs6dpkjUIawQQ5hgxBaw
DA:752,1,ackOWdJx2/IgtB/ELuvQJg
DA:754,1,uU0NSPLUjYCWYwiya2mCWA
DA:766,1,D7ETjXGV8bWeehXPZnsiRQ
DA:779,1,8p0CEs8eBauJKcE2WBO4lA
DA:791,1,dhMpjptHn9jUYyKRIi1c1Q
DA:47,0,lNnybFGUPR4S5h3taaapTA
DA:48,0,o6VfkdqJuqCzSHNx6DFH2w
DA:49,0,DclKiG9lK3GD5dfF8bOvqA
DA:51,0,uoywQ45mC4N/YIi4W3UIQw
DA:52,0,fa4G/sdjUNPWdbcwB/bGRw
DA:53,0,IqbkyDf2p3gOVO9/rPloeg
DA:54,0,xwa/uLQglvuqMDgEj0elxA
DA:55,0,6Qu9pXuhv80XtbcdzZ3umQ
DA:92,0,hOEPpCq3eLntVIdxI38p5Q
DA:93,0,zGDNDuaiCk6juz5W0HxJyQ
DA:94,0,Tc7A4v4+LyylzZd5uNm05Q
DA:95,0,0FHCHv3l/kAF+xrr1+ytQg
DA:96,0,qDCQPFnp2rm3Pa7OqNEOVw
DA:97,0,CxVGdEM57h4OH7YudWaSkA
DA:99,0,SXfaFwMweo9ApA6k0NQ4xw
DA:100,0,Zs2aj2n8yPI1+oikFQ1VNQ
DA:102,0,BGpauZNjISGmUrlp/+VOgA
DA:103,0,d7cbc/bB+NFukzrcSsY7uA
DA:104,0,Fem/8wV/MojrdQDDszxGbQ
DA:105,0,cf+f0r2uIl/EUIK1P3eHTA
DA:106,0,6Rnx1qTzP0FgAZt5lS6/rw
DA:107,0,UMBFUV8r7wvrW/iUQE6E4g
DA:108,0,5ZXCrp6ylcxBG9A65Y9c/A
DA:109,0,d7cbc/bB+NFukzrcSsY7uA
DA:111,0,KD7lM25YvkdUMyIhKe4ucw
DA:112,0,zlm4xohAuFcO4ECs65i5yw
DA:113,0,Kfay7L9MkHIyB9jWuK5NdQ
DA:114,0,+9oNNYle7XGDnYLJTbPu3A
DA:115,0,1ugwMj2ndalOkYe3ND1wWA
DA:116,0,MT98+wUWWcHbihPbGkGYtA
DA:117,0,nU0WguOzRsUs1/1ZbLIccA
DA:118,0,5Wc8cf09jOYR2S+GHlU4jw
DA:119,0,sOSfPBT9yjSU1H09GIslFQ
DA:120,0,zGDNDuaiCk6juz5W0HxJyQ
DA:121,0,Tc7A4v4+LyylzZd5uNm05Q
DA:122,0,0FHCHv3l/kAF+xrr1+ytQg
DA:123,0,qDCQPFnp2rm3Pa7OqNEOVw
DA:124,0,CxVGdEM57h4OH7YudWaSkA
DA:126,0,HvawtRquF+xQyIepP/3raQ
DA:127,0,zqVH7pGxBnixYr/B/etHwg
DA:129,0,SXfaFwMweo9ApA6k0NQ4xw
DA:130,0,Zs2aj2n8yPI1+oikFQ1VNQ
DA:132,0,BGpauZNjISGmUrlp/+VOgA
DA:133,0,d7cbc/bB+NFukzrcSsY7uA
DA:134,0,Fem/8wV/MojrdQDDszxGbQ
DA:135,0,cf+f0r2uIl/EUIK1P3eHTA
DA:136,0,6Rnx1qTzP0FgAZt5lS6/rw
DA:137,0,q8PKJGU0QUehJUsb2CNVcQ
DA:138,0,UMBFUV8r7wvrW/iUQE6E4g
DA:139,0,x1dUhTgXByHxFZ2bvMOLMA
DA:140,0,5ZXCrp6ylcxBG9A65Y9c/A
DA:141,0,d7cbc/bB+NFukzrcSsY7uA
DA:143,0,KD7lM25YvkdUMyIhKe4ucw
DA:144,0,zlm4xohAuFcO4ECs65i5yw
DA:145,0,Kfay7L9MkHIyB9jWuK5NdQ
DA:146,0,+9oNNYle7XGDnYLJTbPu3A
DA:147,0,1ugwMj2ndalOkYe3ND1wWA
DA:148,0,iyDYDmQvUsNQkMh4AKJUJA
DA:150,0,AeKh9r8msp6/JWmGNRs6gQ
DA:199,0,2V5SG+06ThPPoWYXFMZiZg
DA:200,0,VNgfMiTpaU6NMx3s0KHxMg
DA:201,0,z52g+lSE+Wqwhi1J6KJBZg
DA:202,0,l9/65QizzteOMUyaRl/uZg
DA:204,0,Z/oGRfwrEgsMXZ7UJoLIrA
DA:205,0,FgrhbMH/W2e8q1auO8JE7w
DA:210,0,VNgfMiTpaU6NMx3s0KHxMg
DA:211,0,ZMrjQzzagWwZIq2Gp32mhg
DA:212,0,55QllprbKBP5VXTw9qZijA
DA:214,0,J4wqWOagS/1HJw+PvHeXNA
DA:215,0,hj8J2FYy6NnPI8je0OG8kA
DA:216,0,BAiJGG2S40YAmtvKmbTocw
DA:217,0,8t0Fv1ADEWJrU/JeMbhCIg
DA:218,0,A29Iv9YAD/uJj9r64Qnz5w
DA:221,0,DsUOHk7tN8D6j446k/b49g
DA:222,0,SNDt4YY64eW0qt/3W2siGg
DA:225,0,/UO9nu38WCoJ2av7Lfd4RQ
DA:226,0,6iE32hKE+xrX04UyTDLljw
DA:228,0,ZsPI7IOzVWacIAL6deimNw
DA:250,0,tp/i3kKdWgf/EuHARNNEzQ
DA:251,0,I/pRii+gxOHr3X1FM70Irw
DA:252,0,Tq0Z8HbfFhLbE28jrh28yw
DA:253,0,N+FY1bkYXV6bpDdDSeC5EA
DA:254,0,uvYofcjwAaojTmXYCmN1LA
DA:255,0,sE2ViKlFIvQFT+TFE8G8Ug
DA:256,0,3sXeugjCUCsBf8MUgnYKFQ
DA:257,0,WBRB/HqYoaw8aFaWBqyhLw
DA:258,0,gKJduo4WnzCjUn9VL+kp+A
DA:259,0,iVbWdaob8AwzO67S3UIDWA
DA:261,0,skSy5XC0adbYXhjAtCpNLQ
DA:262,0,knz3Hpr14e4DwE4vBqIl3w
DA:264,0,AdN2fWeO1smX/dyJNlLcxg
DA:265,0,5AEMp7j6DuJ1Q6GSI5vpog
DA:266,0,WTn0fLjFj6FlLXifp+jskg
DA:267,0,24PFf6/UdmbBkRwvQzOgQw
DA:268,0,IPWBf+e4kHCI/vMDMVSRoA
DA:269,0,kd8ru2meN2zx2tWZsf6okA
DA:270,0,llNyfoCGHtJoVfvTBjvgYw
DA:271,0,5AEMp7j6DuJ1Q6GSI5vpog
DA:273,0,YFcUwXrnGSkyXZDAhslMmA
DA:274,0,3SzIOEI7RlsYNF4auFc3CQ
DA:275,0,kssQid+Ldr6kWsEC+GLQKA
DA:276,0,GUoOg50jTOpfMDbckuKqeQ
DA:277,0,+9oNNYle7XGDnYLJTbPu3A
DA:278,0,1ugwMj2ndalOkYe3ND1wWA
DA:280,0,8r9F7asd4dinle6Q5B2MhQ
DA:281,0,WQwc+d1kXLpZCqQYWaQKsg
DA:282,0,Tq0Z8HbfFhLbE28jrh28yw
DA:283,0,N+FY1bkYXV6bpDdDSeC5EA
DA:284,0,uvYofcjwAaojTmXYCmN1LA
DA:285,0,sE2ViKlFIvQFT+TFE8G8Ug
DA:286,0,skSy5XC0adbYXhjAtCpNLQ
DA:287,0,knz3Hpr14e4DwE4vBqIl3w
DA:289,0,AdN2fWeO1smX/dyJNlLcxg
DA:290,0,4zatlTSunE+PCdtUFzf8Ww
DA:291,0,PPaAuWetz0UnZsUDpUAEow
DA:293,0,5AEMp7j6DuJ1Q6GSI5vpog
DA:294,0,llNyfoCGHtJoVfvTBjvgYw
DA:295,0,5AEMp7j6DuJ1Q6GSI5vpog
DA:297,0,YFcUwXrnGSkyXZDAhslMmA
DA:298,0,3SzIOEI7RlsYNF4auFc3CQ
DA:299,0,kssQid+Ldr6kWsEC+GLQKA
DA:300,0,GUoOg50jTOpfMDbckuKqeQ
DA:301,0,+9oNNYle7XGDnYLJTbPu3A
DA:302,0,1ugwMj2ndalOkYe3ND1wWA
DA:303,0,mseq5fPcyhHj6DgWeyni9A
DA:304,0,6Yn27cmtYde3BvYSLCMl8A
DA:305,0,mB20bPApJDZ/rWr1brf2JA
DA:306,0,KIBlOTT7AWHG5yGyDBhS6g
DA:307,0,I/pRii+gxOHr3X1FM70Irw
DA:308,0,Tq0Z8HbfFhLbE28jrh28yw
DA:309,0,N+FY1bkYXV6bpDdDSeC5EA
DA:310,0,uvYofcjwAaojTmXYCmN1LA
DA:311,0,sE2ViKlFIvQFT+TFE8G8Ug
DA:312,0,3sXeugjCUCsBf8MUgnYKFQ
DA:313,0,WBRB/HqYoaw8aFaWBqyhLw
DA:314,0,gKJduo4WnzCjUn9VL+kp+A
DA:315,0,iVbWdaob8AwzO67S3UIDWA
DA:317,0,qpvLW2WTPsaCJeK2/12Lxg
DA:318,0,ka12PhyJplRdc6DEr4FdzQ
DA:320,0,skSy5XC0adbYXhjAtCpNLQ
DA:321,0,knz3Hpr14e4DwE4vBqIl3w
DA:323,0,AdN2fWeO1smX/dyJNlLcxg
DA:324,0,5AEMp7j6DuJ1Q6GSI5vpog
DA:325,0,WTn0fLjFj6FlLXifp+jskg
DA:326,0,24PFf6/UdmbBkRwvQzOgQw
DA:327,0,IPWBf+e4kHCI/vMDMVSRoA
DA:328,0,+2YlteYWR1seMCQ6/ngjOQ
DA:329,0,kd8ru2meN2zx2tWZsf6okA
DA:330,0,jsgzl7gDc/nzlCJ+y7PZwQ
DA:331,0,llNyfoCGHtJoVfvTBjvgYw
DA:332,0,5AEMp7j6DuJ1Q6GSI5vpog
DA:334,0,YFcUwXrnGSkyXZDAhslMmA
DA:335,0,3SzIOEI7RlsYNF4auFc3CQ
DA:336,0,kssQid+Ldr6kWsEC+GLQKA
DA:337,0,GUoOg50jTOpfMDbckuKqeQ
DA:338,0,+9oNNYle7XGDnYLJTbPu3A
DA:339,0,1ugwMj2ndalOkYe3ND1wWA
DA:341,0,8r9F7asd4dinle6Q5B2MhQ
DA:342,0,8nyCe+STYcTJ6D5SDsOyjQ
DA:343,0,I/pRii+gxOHr3X1FM70Irw
DA:344,0,Tq0Z8HbfFhLbE28jrh28yw
DA:345,0,N+FY1bkYXV6bpDdDSeC5EA
DA:346,0,uvYofcjwAaojTmXYCmN1LA
DA:347,0,sE2ViKlFIvQFT+TFE8G8Ug
DA:348,0,3sXeugjCUCsBf8MUgnYKFQ
DA:349,0,WBRB/HqYoaw8aFaWBqyhLw
DA:350,0,gKJduo4WnzCjUn9VL+kp+A
DA:351,0,iVbWdaob8AwzO67S3UIDWA
DA:353,0,skSy5XC0adbYXhjAtCpNLQ
DA:354,0,knz3Hpr14e4DwE4vBqIl3w
DA:356,0,AdN2fWeO1smX/dyJNlLcxg
DA:357,0,5AEMp7j6DuJ1Q6GSI5vpog
DA:358,0,WTn0fLjFj6FlLXifp+jskg
DA:359,0,24PFf6/UdmbBkRwvQzOgQw
DA:360,0,IPWBf+e4kHCI/vMDMVSRoA
DA:361,0,kd8ru2meN2zx2tWZsf6okA
DA:362,0,llNyfoCGHtJoVfvTBjvgYw
DA:363,0,5AEMp7j6DuJ1Q6GSI5vpog
DA:365,0,YFcUwXrnGSkyXZDAhslMmA
DA:366,0,3SzIOEI7RlsYNF4auFc3CQ
DA:367,0,kssQid+Ldr6kWsEC+GLQKA
DA:368,0,GUoOg50jTOpfMDbckuKqeQ
DA:369,0,+9oNNYle7XGDnYLJTbPu3A
DA:370,0,1ugwMj2ndalOkYe3ND1wWA
DA:372,0,8r9F7asd4dinle6Q5B2MhQ
DA:373,0,WQwc+d1kXLpZCqQYWaQKsg
DA:374,0,Tq0Z8HbfFhLbE28jrh28yw
DA:375,0,N+FY1bkYXV6bpDdDSeC5EA
DA:376,0,uvYofcjwAaojTmXYCmN1LA
DA:377,0,sE2ViKlFIvQFT+TFE8G8Ug
DA:378,0,y9Ar0ivNTFaAyB+20IxUkA
DA:379,0,mvyImzFx0Qqm8SMd2T1G0A
DA:381,0,AdN2fWeO1smX/dyJNlLcxg
DA:382,0,ZmmjJAGlY5aSvlWchg86FA
DA:383,0,y3woEc0UKPURH6bNasEZqQ
DA:385,0,5AEMp7j6DuJ1Q6GSI5vpog
DA:386,0,xfmBv9MmFSMu0Erci5LLGA
DA:387,0,03ifgz5Sbn+p6TdL13s+3g
DA:388,0,5AEMp7j6DuJ1Q6GSI5vpog
DA:390,0,YFcUwXrnGSkyXZDAhslMmA
DA:391,0,3SzIOEI7RlsYNF4auFc3CQ
DA:392,0,kssQid+Ldr6kWsEC+GLQKA
DA:393,0,GUoOg50jTOpfMDbckuKqeQ
DA:394,0,+9oNNYle7XGDnYLJTbPu3A
DA:395,0,1ugwMj2ndalOkYe3ND1wWA
DA:396,0,vE2Yvpn6SGRZ8soI9GZipw
DA:397,0,bkZPTsNi3K6u+ogJd7mIKw
DA:400,0,mB20bPApJDZ/rWr1brf2JA
DA:402,0,I/pRii+gxOHr3X1FM70Irw
DA:403,0,Tq0Z8HbfFhLbE28jrh28yw
DA:404,0,N+FY1bkYXV6bpDdDSeC5EA
DA:405,0,uvYofcjwAaojTmXYCmN1LA
DA:406,0,sE2ViKlFIvQFT+TFE8G8Ug
DA:407,0,3sXeugjCUCsBf8MUgnYKFQ
DA:408,0,WBRB/HqYoaw8aFaWBqyhLw
DA:409,0,gKJduo4WnzCjUn9VL+kp+A
DA:410,0,iVbWdaob8AwzO67S3UIDWA
DA:412,0,skSy5XC0adbYXhjAtCpNLQ
DA:413,0,knz3Hpr14e4DwE4vBqIl3w
DA:415,0,AdN2fWeO1smX/dyJNlLcxg
DA:416,0,5AEMp7j6DuJ1Q6GSI5vpog
DA:417,0,WTn0fLjFj6FlLXifp+jskg
DA:418,0,24PFf6/UdmbBkRwvQzOgQw
DA:419,0,IPWBf+e4kHCI/vMDMVSRoA
DA:420,0,kd8ru2meN2zx2tWZsf6okA
DA:421,0,llNyfoCGHtJoVfvTBjvgYw
DA:422,0,5AEMp7j6DuJ1Q6GSI5vpog
DA:424,0,YFcUwXrnGSkyXZDAhslMmA
DA:425,0,3SzIOEI7RlsYNF4auFc3CQ
DA:426,0,kssQid+Ldr6kWsEC+GLQKA
DA:427,0,GUoOg50jTOpfMDbckuKqeQ
DA:428,0,+9oNNYle7XGDnYLJTbPu3A
DA:429,0,1ugwMj2ndalOkYe3ND1wWA
DA:431,0,8r9F7asd4dinle6Q5B2MhQ
DA:432,0,WQwc+d1kXLpZCqQYWaQKsg
DA:433,0,Tq0Z8HbfFhLbE28jrh28yw
DA:434,0,N+FY1bkYXV6bpDdDSeC5EA
DA:435,0,1T/73hyMO4zp8uOD2uni2Q
DA:436,0,hQgBPV4WHj/qrEYZo8kfiA
DA:437,0,ba+FwrBpUc4+/x0BwCN8Zw
DA:438,0,jE2TQhwWFyPy7LQBe+mYQQ
DA:439,0,OYFjCSu/mC4+p/NA7rlw1A
DA:440,0,K6/JmeuAO2BUQbOzp5aIBw
DA:441,0,OEssLRtgk1qkas1wzNWcjw
DA:442,0,SZsP0yWkAujfvE8OIyGu8w
DA:444,0,AdN2fWeO1smX/dyJNlLcxg
DA:445,0,XIYSJDRMRVy+ogm4W3J6Yw
DA:446,0,Kvyfa7bTDTkQsQA0k1dcfg
DA:448,0,5AEMp7j6DuJ1Q6GSI5vpog
DA:449,0,T74wn+LJJF+KwhBm5pWaPw
DA:450,0,+DBNDzEO3Mwqm5Uee6QbHg
DA:451,0,5AEMp7j6DuJ1Q6GSI5vpog
DA:453,0,YFcUwXrnGSkyXZDAhslMmA
DA:454,0,3SzIOEI7RlsYNF4auFc3CQ
DA:455,0,kssQid+Ldr6kWsEC+GLQKA
DA:456,0,GUoOg50jTOpfMDbckuKqeQ
DA:457,0,+9oNNYle7XGDnYLJTbPu3A
DA:458,0,1ugwMj2ndalOkYe3ND1wWA
DA:459,0,ckpKMejvgkYJHD5cq1D2rw
DA:460,0,IzzXCPRID99MakpRB5M5+A
DA:461,0,mB20bPApJDZ/rWr1brf2JA
DA:478,0,AoQJTcHfoZldiwpcmoV49A
DA:480,0,rsWyA+Lcg5Jip/nQ7tzkVQ
DA:481,0,OB/53TBtLqtgcx919zWTFg
DA:485,0,lL0Y3WPrwiuGWMO33cKFYQ
DA:486,0,yWDqcBW5mGo7kKoQjwih3w
DA:487,0,ZOpnHCdHyb0mRSs3Sspt2g
DA:489,0,sSJApdyQroBOaA7D4phs/w
DA:518,0,B+Lqx0vPZ26mt5DeW/Y9Fg
DA:519,0,wjIkm2v7cb+IxLZI3YQnMg
DA:520,0,ZcciVB5o2pyn3Kk5S70/kw
DA:523,0,CKsICzPwTdV1irpguKwcRA
DA:525,0,A4VHoNtRACvMKxBO86kitQ
DA:527,0,ubcFHIRuHyHleudKQi0rJA
DA:560,0,ES26nEfwmo2lauIVO7F03Q
DA:561,0,Kkr/sQYfLsZmQPrpArCIUw
DA:562,0,iXzTovgjXBdxLulx91Iirg
DA:563,0,r+rD6T+aHp8h53YJ8AIRbA
DA:565,0,8+FXbXr/mdNWyCOyELe6NA
DA:567,0,9mtpli0g536bnnAd9bDK8A
DA:568,0,h0wKJldC6VRspZcLbUPTUQ
DA:570,0,bUlzvx796kmZqF4LK3wRDQ
DA:571,0,FoW/M3YGI0A0nKoGiq+Zfw
DA:572,0,dSQkMM8bGhKxgildHIrSDw
DA:573,0,hKNZvQTpb+CrOzYorZ17DA
DA:575,0,ES26nEfwmo2lauIVO7F03Q
DA:576,0,7zxJIi6PNOml5Eg73wyDNQ
DA:578,0,zengOmm3ugdG7i8/zjEqJQ
DA:579,0,UithYgTGzIpJs78Mut6nqQ
DA:580,0,IMyCjlhWuxl6kokGRzu+Eg
DA:581,0,gQNI25dP3gvehb18uReryw
DA:586,0,d34quk6xQ6oGC7f10OoWMQ
DA:587,0,EvebrUo/NfbebcP8LedWvw
DA:588,0,pir+uENxzj8dfUZJxNCpEg
DA:589,0,ORjXnQRDTJnV/ljWB5eQyg
DA:590,0,Bq95HXEsGg/fUvdgKS243A
DA:592,0,A5ZBDCEai7M3IqE3N9yLKw
DA:594,0,jFW/sTBFBX5BIPUXFcS0rA
DA:595,0,qfHCL5BnAfZ2/h9D5IvctA
DA:596,0,AoM9dxSSdLMbNuZUUjnoTg
DA:598,0,gou71hYy6QGJv0vog71+MA
DA:600,0,EOpZHNMHn0c/MAdJjHtKiQ
DA:602,0,guLADRpWktUjfn32oVjzGg
DA:603,0,nPV4bjaOpz03zSpLnVFJyQ
DA:604,0,xDEbVn0k8Mn535cgJxtPVA
DA:605,0,B0EXOc77O3iaMwEl3+w4pg
DA:607,0,eEDpR5cuwwbJNSnpqbMSiQ
DA:608,0,u6C5fJClChOcavE1xGQKPQ
DA:610,0,EvebrUo/NfbebcP8LedWvw
DA:611,0,9Voxcpe6L6w8Fd/nvRIDtA
DA:614,0,HVkdEkKbGZz0f4edSkwaSA
DA:615,0,uWHNuP+di08d8imWWQWrXQ
DA:616,0,W/PDj4ZlP8xWD0vXzqA0pA
DA:617,0,H3VMlXcOBa0AObzlE+me/w
DA:618,0,cj8JfgMKWF1XqtsYkoBXig
DA:619,0,rCnLPHGsq/zM4bmKjBANPA
DA:620,0,RChBnDZ3ZGedXbDd5KkwLg
DA:622,0,O5dvgOlJfcFF83CJiXeyiw
DA:624,0,uWHNuP+di08d8imWWQWrXQ
DA:625,0,u+KAnGstmG/8gvIlbIEDXg
DA:626,0,KcD49oQMDvuDmLqKElXGFQ
DA:628,0,mErGiKuknk2aqmvHg01M2A
DA:630,0,/lxNVIv+V1tef8O/yy94ig
DA:632,0,xIm06qRMBJdZEwOq4c+RXg
DA:633,0,+UEEJjrs4lqslOvR6cC+HA
DA:634,0,BP3kOtoX4vZNPK4yqTBobg
DA:635,0,uJ9ad7EA/VmNHMZrFQkGrA
DA:637,0,9fmZNMv8bPIWoq3if4utpw
DA:638,0,EsgBZalEWVHtthL+uxpKJw
DA:640,0,kxNWn0noTgMLHtt8HjjbTQ
DA:641,0,7vyhaMQlRusqQ1aJ8DQfqw
DA:643,0,EJi+UtrYDW71D/9/lMIvpQ
DA:711,0,LiyEtibqQgoJDVomWg10fA
DA:717,0,dntk/PbpYKAeAzmUiaeg8g
DA:720,0,ykPMEuamrAHMy2QDEn2qgg
DA:721,0,QnJWsqaC3L6mgrDlce6EyQ
DA:728,0,OjEQtHj6eAyaSUs7dz/hOQ
DA:735,0,c78x+Kj7aXM9Mu1sKdUNig
DA:742,0,USpEnXOpyQc1Y5zqNMTuJg
DA:744,0,DkarOPw54WloexEeu+UDSA
DA:749,0,2288nA2xuMqe5heLyTVvYQ
DA:767,0,S1fTRpDMfAGRya51Itd/HQ
DA:768,0,uWHNuP+di08d8imWWQWrXQ
DA:769,0,aPPV+NcKo42UMQFYW/lkpw
DA:770,0,anMN0+52koawrdTitKDHmQ
DA:772,0,lcYQLenvf2WVJhmIbOsEUQ
DA:773,0,uWHNuP+di08d8imWWQWrXQ
DA:774,0,/SF6mGSH/OV3cLLGuF+Jlg
DA:775,0,Bb+05cDqtp7J02iUKNzFsg
DA:776,0,z+EZ4/tpEF+88XbxMpan0A
DA:777,0,n9O8tcelmtaZ4F++EKhg6g
DA:789,0,o4vhh0uC8P9L6icDVJBXUg
DA:800,0,ADlp+qB2o0uTIhYR/fpkDw
DA:801,0,thfTy8tX7SlGzvPqZHhmjw
DA:802,0,ackOWdJx2/IgtB/ELuvQJg
LF:453
LH:100
end_of_record
TN:
SF:tests\__init__.py
DA:1,1,1B2M2Y8AsgTpgAmY7PhCfg
LF:0
LH:1
end_of_record
TN:
SF:tests\test_simulator.py
DA:1,1,d+xqIUeJppH0wLoDC6vIVg
DA:2,1,wGp89KSjV8NREk0zafpx7w
DA:3,1,6EqVyswJtxIE+9LVqyxOlA
DA:4,1,wOu80mlL+yh1dFRUfMSWXA
DA:5,1,i/CkRZd924jTJD3Nx7oTMA
DA:6,1,h15ELhPlGTM4lXd3aiVfWg
DA:7,1,ngueSLJHhCb0e8Y9HYgvuw
DA:12,1,Ul3e1gQgpWPMLV3HoAdJZw
DA:13,1,nTUfDwx+E/t4b7P9XSz+WA
DA:14,1,pQhJXryUK3T4EBCMpzE2Yg
DA:52,1,n7BprVA2WUo+dNLt2mtygQ
DA:53,1,CcDIj+T5XWaCsO8M44VM5Q
DA:54,1,lCQhAQpU0cTTjgdX2Tp3ZQ
DA:55,1,DRdkRo1jIlc0Ktg9U9nyZg
DA:57,1,G47ENENrAO/H14HO+MJaHQ
DA:58,1,CfmoYyWLWjtikZF1lx5hOw
DA:59,1,yImltez8p6QzRdLicXtSZA
DA:60,1,gHbcEOO4Rl6QOxlJYywjMQ
DA:61,1,cSkXG/tQl8xKib6EB1VZRQ
DA:62,1,3r17tIptDx+ET3OPFXtZIA
DA:63,1,WuXVZeY8fSFMf99tnQUA6A
DA:64,1,AxaZszBtFNrYd8mqBdBzeg
DA:74,1,0KcLXMl8duxn3vMltxO3IA
DA:75,1,rhNruysjOXlGPwlXjqHrmw
DA:118,1,TPHaBzQyuYfWDMey2YTZyA
DA:119,1,MscDAwNDAyQRmgQe5D0+Vw
DA:120,1,XE+htvQORhoQ4sAQxpc2pg
DA:121,1,c04dUfeDNH7RB06wS8HTBQ
DA:122,1,HBLAlCCAYKsO2JW+hhNnIg
DA:123,1,zeVnr6jhfHno52b59toWxw
DA:125,1,Olcv17xfsEHHUfodebcZdA
DA:126,1,9GEGX4u+82Jjb9STeuzjNg
DA:127,1,Jl78i81w0f47nAuRHOM7hg
DA:128,1,7UKWjhRMfzoHyBxam83sAg
DA:129,1,Hjhtz9b+2NX0O0EtHlPcfQ
DA:130,1,csUD2de2QCDRG48Bcp8nvA
DA:131,1,gRSqhVDV0RnnOsLIuR86hg
DA:132,1,6W2ndaMlUEu0WzL5Vk2LIw
DA:133,1,ghA//cC249zIvVGpN2hCKw
DA:134,1,vzfvLbJww9wWPPGv7JeLZg
DA:135,1,hEqGfX9J5YSvz7vxRnOxQQ
DA:136,1,abWSzsQKmcIysYgz2jJ3cw
DA:151,1,zy79ZWHkPpQBbMTzaZGfYQ
DA:152,1,9GEGX4u+82Jjb9STeuzjNg
DA:153,1,ajZq8KJTqz6zQvp5xY0dEA
DA:154,1,lCQhAQpU0cTTjgdX2Tp3ZQ
DA:155,1,nNdHLuFrb6lZJxentaj3xA
DA:156,1,Ro63zA0bio/g8W1z3YjuxQ
DA:157,1,DRdkRo1jIlc0Ktg9U9nyZg
DA:158,1,k/2x2sCPAAsC+G2C2Dmpfg
DA:159,1,oB71UzGgtm80nHFw69HElQ
DA:160,1,w8w+YU7J84dmdBTD5CctOw
DA:161,1,2VLFIlX9c4ht3RIDUxTJUg
DA:163,1,zy79ZWHkPpQBbMTzaZGfYQ
DA:164,1,9GEGX4u+82Jjb9STeuzjNg
DA:165,1,OU9HgtJ77JTYfag2E/chRQ
DA:166,1,lCQhAQpU0cTTjgdX2Tp3ZQ
DA:167,1,Ro63zA0bio/g8W1z3YjuxQ
DA:168,1,nNdHLuFrb6lZJxentaj3xA
DA:169,1,DRdkRo1jIlc0Ktg9U9nyZg
DA:170,1,k/2x2sCPAAsC+G2C2Dmpfg
DA:171,1,pdBva4wjb6KcLXBJbbhRTA
DA:66,0,8jY4xLNClcsOFyrTRS9kKQ
DA:69,0,59gj9N8qw/NanmZurxv9+A
DA:172,0,ujoq7KFb9MuKGA2PAB1FOA
LF:65
LH:62
end_of_record
